MyApplication/app/build/outputs/logs/manifest-merger-debug-report.txt
-- Merging decision tree log ---
manifest
ADDED from src\main\AndroidManifest.xml:2:1-187:12
INJECTED from src\main\AndroidManifest.xml:2:1-187:12
INJECTED from src\main\AndroidManifest.xml:2:1-187:12
INJECTED from src\main\AndroidManifest.xml:2:1-187:12
MERGED from [:richeditor] AndroidManifest.xml:2:1-10:12
MERGED from [androidx.databinding:viewbinding:8.0.1] AndroidManifest.xml:2:1-7:12
MERGED from [com.google.android.material:material:1.8.0] AndroidManifest.xml:17:1-26:12
MERGED from [androidx.constraintlayout:constraintlayout:2.1.4] AndroidManifest.xml:2:1-11:12
MERGED from [com.github.xuexiangjys:XUI:1.2.1] AndroidManifest.xml:2:1-24:12
MERGED from [com.hanks:lineheightedittext-library:1.0] AndroidManifest.xml:2:1-12:12
MERGED from [androidx.appcompat:appcompat-resources:1.6.1] AndroidManifest.xml:17:1-22:12
MERGED from [androidx.appcompat:appcompat:1.6.1] AndroidManifest.xml:17:1-22:12
MERGED from [androidx.legacy:legacy-support-v4:1.0.0] AndroidManifest.xml:17:1-22:12
MERGED from [androidx.dynamicanimation:dynamicanimation:1.0.0] AndroidManifest.xml:17:1-22:12
MERGED from [androidx.legacy:legacy-support-core-ui:1.0.0] AndroidManifest.xml:17:1-22:12
MERGED from [androidx.legacy:legacy-support-core-utils:1.0.0] AndroidManifest.xml:17:1-22:12
MERGED from [androidx.localbroadcastmanager:localbroadcastmanager:1.1.0] AndroidManifest.xml:17:1-24:12
MERGED from [androidx.viewpager2:viewpager2:1.0.0] AndroidManifest.xml:17:1-24:12
MERGED from [androidx.recyclerview:recyclerview:1.2.1] AndroidManifest.xml:17:1-24:12
MERGED from [com.github.bumptech.glide:glide:4.12.0] AndroidManifest.xml:2:1-12:12
MERGED from [androidx.fragment:fragment:1.3.6] AndroidManifest.xml:17:1-24:12
MERGED from [androidx.activity:activity:1.6.0] AndroidManifest.xml:17:1-22:12
MERGED from [androidx.emoji2:emoji2-views-helper:1.2.0] AndroidManifest.xml:2:1-7:12
MERGED from [androidx.emoji2:emoji2:1.2.0] AndroidManifest.xml:17:1-35:12
MERGED from [androidx.drawerlayout:drawerlayout:1.1.1] AndroidManifest.xml:17:1-24:12
MERGED from [androidx.coordinatorlayout:coordinatorlayout:1.1.0] AndroidManifest.xml:17:1-24:12
MERGED from [androidx.transition:transition:1.2.0] AndroidManifest.xml:17:1-24:12
MERGED from [androidx.vectordrawable:vectordrawable-animated:1.1.0] AndroidManifest.xml:17:1-24:12
MERGED from [androidx.vectordrawable:vectordrawable:1.1.0] AndroidManifest.xml:17:1-24:12
MERGED from [androidx.media:media:1.0.0] AndroidManifest.xml:17:1-22:12
MERGED from [androidx.loader:loader:1.0.0] AndroidManifest.xml:17:1-22:12
MERGED from [androidx.lifecycle:lifecycle-viewmodel:2.5.1] AndroidManifest.xml:17:1-24:12
MERGED from [androidx.lifecycle:lifecycle-viewmodel-savedstate:2.5.1] AndroidManifest.xml:17:1-24:12
MERGED from [androidx.core:core-ktx:1.9.0] AndroidManifest.xml:2:1-7:12
MERGED from [androidx.viewpager:viewpager:1.0.0] AndroidManifest.xml:17:1-22:12
MERGED from [androidx.slidingpanelayout:slidingpanelayout:1.0.0] AndroidManifest.xml:17:1-22:12
MERGED from [androidx.customview:customview:1.1.0] AndroidManifest.xml:17:1-24:12
MERGED from [androidx.swiperefreshlayout:swiperefreshlayout:1.0.0] AndroidManifest.xml:17:1-22:12
MERGED from [androidx.asynclayoutinflater:asynclayoutinflater:1.0.0] AndroidManifest.xml:17:1-22:12
MERGED from [androidx.core:core:1.9.0] AndroidManifest.xml:17:1-30:12
MERGED from [androidx.cursoradapter:cursoradapter:1.0.0] AndroidManifest.xml:17:1-22:12
MERGED from [androidx.lifecycle:lifecycle-process:2.4.1] AndroidManifest.xml:17:1-37:12
MERGED from [androidx.lifecycle:lifecycle-runtime:2.5.1] AndroidManifest.xml:17:1-24:12
MERGED from [androidx.savedstate:savedstate:1.2.0] AndroidManifest.xml:17:1-24:12
MERGED from [androidx.cardview:cardview:1.0.0] AndroidManifest.xml:17:1-22:12
MERGED from [com.github.bumptech.glide:gifdecoder:4.12.0] AndroidManifest.xml:2:1-11:12
MERGED from [androidx.exifinterface:exifinterface:1.2.0] AndroidManifest.xml:17:1-24:12
MERGED from [androidx.startup:startup-runtime:1.1.1] AndroidManifest.xml:17:1-33:12
MERGED from [androidx.tracing:tracing:1.0.0] AndroidManifest.xml:17:1-24:12
MERGED from [androidx.versionedparcelable:versionedparcelable:1.1.1] AndroidManifest.xml:17:1-27:12
MERGED from [androidx.lifecycle:lifecycle-livedata:2.0.0] AndroidManifest.xml:17:1-22:12
MERGED from [androidx.lifecycle:lifecycle-livedata-core:2.5.1] AndroidManifest.xml:17:1-24:12
MERGED from [androidx.arch.core:core-runtime:2.1.0] AndroidManifest.xml:17:1-24:12
MERGED from [androidx.documentfile:documentfile:1.0.0] AndroidManifest.xml:17:1-22:12
MERGED from [androidx.print:print:1.0.0] AndroidManifest.xml:17:1-22:12
MERGED from [androidx.interpolator:interpolator:1.0.0] AndroidManifest.xml:17:1-22:12
MERGED from [com.makeramen:roundedimageview:2.3.0] AndroidManifest.xml:2:1-9:12
MERGED from [io.github.inflationx:calligraphy3:3.1.1] AndroidManifest.xml:2:1-13:12
MERGED from [io.github.inflationx:viewpump:2.0.3] AndroidManifest.xml:2:1-11:12
MERGED from [androidx.annotation:annotation-experimental:1.3.0] AndroidManifest.xml:17:1-22:12
INJECTED from src\main\AndroidManifest.xml:2:1-187:12
INJECTED from src\main\AndroidManifest.xml:2:1-187:12
INJECTED from src\main\AndroidManifest.xml:2:1-187:12
	package
		ADDED from src\main\AndroidManifest.xml:4:5-49
		INJECTED from src\main\AndroidManifest.xml
		INJECTED from src\main\AndroidManifest.xml
	android:versionName
		INJECTED from src\main\AndroidManifest.xml
		ADDED from src\main\AndroidManifest.xml:2:1-187:12
		INJECTED from src\main\AndroidManifest.xml
	xmlns:tools
		ADDED from src\main\AndroidManifest.xml:3:5-51
	android:versionCode
		INJECTED from src\main\AndroidManifest.xml
		ADDED from src\main\AndroidManifest.xml:2:1-187:12
		INJECTED from src\main\AndroidManifest.xml
	xmlns:android
		ADDED from src\main\AndroidManifest.xml:2:11-69
uses-permission#android.permission.WAKE_LOCK
ADDED from src\main\AndroidManifest.xml:6:5-68
	android:name
		ADDED from src\main\AndroidManifest.xml:6:22-65
uses-permission#android.permission.ACCESS_NETWORK_STATE
ADDED from src\main\AndroidManifest.xml:7:5-79
	android:name
		ADDED from src\main\AndroidManifest.xml:7:22-76
uses-permission#android.permission.INTERNET
ADDED from src\main\AndroidManifest.xml:8:5-67
	android:name
		ADDED from src\main\AndroidManifest.xml:8:22-64
uses-permission#android.permission.READ_PHONE_STATE
ADDED from src\main\AndroidManifest.xml:9:5-75
	android:name
		ADDED from src\main\AndroidManifest.xml:9:22-72
uses-permission#android.permission.RECORD_AUDIO
ADDED from src\main\AndroidManifest.xml:10:5-71
	android:name
		ADDED from src\main\AndroidManifest.xml:10:22-68
uses-permission#android.permission.FOREGROUND_SERVICE
ADDED from src\main\AndroidManifest.xml:11:5-77
	android:name
		ADDED from src\main\AndroidManifest.xml:11:22-74
uses-permission#android.permission.READ_EXTERNAL_STORAGE
ADDED from src\main\AndroidManifest.xml:12:5-80
MERGED from [:richeditor] AndroidManifest.xml:8:5-80
MERGED from [:richeditor] AndroidManifest.xml:8:5-80
	android:name
		ADDED from src\main\AndroidManifest.xml:12:22-77
uses-permission#android.permission.WRITE_EXTERNAL_STORAGE
ADDED from src\main\AndroidManifest.xml:13:5-81
MERGED from [:richeditor] AndroidManifest.xml:7:5-81
MERGED from [:richeditor] AndroidManifest.xml:7:5-81
	android:name
		ADDED from src\main\AndroidManifest.xml:13:22-78
application
ADDED from src\main\AndroidManifest.xml:15:5-185:19
MERGED from [com.google.android.material:material:1.8.0] AndroidManifest.xml:24:5-20
MERGED from [com.google.android.material:material:1.8.0] AndroidManifest.xml:24:5-20
MERGED from [androidx.constraintlayout:constraintlayout:2.1.4] AndroidManifest.xml:9:5-20
MERGED from [androidx.constraintlayout:constraintlayout:2.1.4] AndroidManifest.xml:9:5-20
MERGED from [com.github.xuexiangjys:XUI:1.2.1] AndroidManifest.xml:9:5-22:19
MERGED from [com.github.xuexiangjys:XUI:1.2.1] AndroidManifest.xml:9:5-22:19
MERGED from [com.github.bumptech.glide:glide:4.12.0] AndroidManifest.xml:10:5-20
MERGED from [com.github.bumptech.glide:glide:4.12.0] AndroidManifest.xml:10:5-20
MERGED from [androidx.emoji2:emoji2:1.2.0] AndroidManifest.xml:23:5-33:19
MERGED from [androidx.emoji2:emoji2:1.2.0] AndroidManifest.xml:23:5-33:19
MERGED from [androidx.core:core:1.9.0] AndroidManifest.xml:28:5-89
MERGED from [androidx.core:core:1.9.0] AndroidManifest.xml:28:5-89
MERGED from [androidx.lifecycle:lifecycle-process:2.4.1] AndroidManifest.xml:25:5-35:19
MERGED from [androidx.lifecycle:lifecycle-process:2.4.1] AndroidManifest.xml:25:5-35:19
MERGED from [com.github.bumptech.glide:gifdecoder:4.12.0] AndroidManifest.xml:9:5-20
MERGED from [com.github.bumptech.glide:gifdecoder:4.12.0] AndroidManifest.xml:9:5-20
MERGED from [androidx.startup:startup-runtime:1.1.1] AndroidManifest.xml:25:5-31:19
MERGED from [androidx.startup:startup-runtime:1.1.1] AndroidManifest.xml:25:5-31:19
MERGED from [androidx.versionedparcelable:versionedparcelable:1.1.1] AndroidManifest.xml:24:5-25:19
MERGED from [androidx.versionedparcelable:versionedparcelable:1.1.1] AndroidManifest.xml:24:5-25:19
MERGED from [io.github.inflationx:calligraphy3:3.1.1] AndroidManifest.xml:11:5-20
MERGED from [io.github.inflationx:calligraphy3:3.1.1] AndroidManifest.xml:11:5-20
MERGED from [io.github.inflationx:viewpump:2.0.3] AndroidManifest.xml:9:5-20
MERGED from [io.github.inflationx:viewpump:2.0.3] AndroidManifest.xml:9:5-20
	android:appComponentFactory
		ADDED from [androidx.core:core:1.9.0] AndroidManifest.xml:28:18-86
	android:supportsRtl
		ADDED from src\main\AndroidManifest.xml:23:9-35
	android:label
		ADDED from src\main\AndroidManifest.xml:21:9-41
	android:fullBackupContent
		ADDED from src\main\AndroidManifest.xml:19:9-54
	android:roundIcon
		ADDED from src\main\AndroidManifest.xml:22:9-54
	tools:targetApi
		ADDED from src\main\AndroidManifest.xml:26:9-29
	android:icon
		ADDED from src\main\AndroidManifest.xml:20:9-43
	android:allowBackup
		ADDED from src\main\AndroidManifest.xml:17:9-35
	android:theme
		ADDED from src\main\AndroidManifest.xml:24:9-53
	android:dataExtractionRules
		ADDED from src\main\AndroidManifest.xml:18:9-65
	android:usesCleartextTraffic
		ADDED from src\main\AndroidManifest.xml:25:9-44
	android:name
		ADDED from src\main\AndroidManifest.xml:16:9-46
activity#com.example.feelingtogethertestone.GuideActivity
ADDED from src\main\AndroidManifest.xml:27:9-30:71
	android:exported
		ADDED from src\main\AndroidManifest.xml:29:13-37
	android:theme
		ADDED from src\main\AndroidManifest.xml:30:13-69
	android:name
		ADDED from src\main\AndroidManifest.xml:28:13-42
activity#com.example.musicPlayer.PlayListDetailActivity
ADDED from src\main\AndroidManifest.xml:31:9-33:40
	android:exported
		ADDED from src\main\AndroidManifest.xml:33:13-37
	android:name
		ADDED from src\main\AndroidManifest.xml:32:13-74
activity#com.example.musicPlayer.MusicPlayerActivity
ADDED from src\main\AndroidManifest.xml:36:9-39:72
	android:exported
		ADDED from src\main\AndroidManifest.xml:38:13-37
	android:theme
		ADDED from src\main\AndroidManifest.xml:39:13-69
	android:name
		ADDED from src\main\AndroidManifest.xml:37:13-71
activity#com.example.fourm.FourmmainActivity
ADDED from src\main\AndroidManifest.xml:40:9-43:72
	android:exported
		ADDED from src\main\AndroidManifest.xml:42:13-37
	android:theme
		ADDED from src\main\AndroidManifest.xml:43:13-69
	android:name
		ADDED from src\main\AndroidManifest.xml:41:13-63
activity#com.example.feelingtogethertestone.DiarymessageActivity
ADDED from src\main\AndroidManifest.xml:44:9-47:72
	android:exported
		ADDED from src\main\AndroidManifest.xml:46:13-37
	android:theme
		ADDED from src\main\AndroidManifest.xml:47:13-69
	android:name
		ADDED from src\main\AndroidManifest.xml:45:13-49
activity#com.example.feelingtogethertestone.LogoActivity
ADDED from src\main\AndroidManifest.xml:48:9-57:20
	android:exported
		ADDED from src\main\AndroidManifest.xml:50:13-36
	android:theme
		ADDED from src\main\AndroidManifest.xml:51:13-69
	android:name
		ADDED from src\main\AndroidManifest.xml:49:13-41
intent-filter#action:name:android.intent.action.MAIN+category:name:android.intent.category.LAUNCHER
ADDED from src\main\AndroidManifest.xml:52:13-56:29
action#android.intent.action.MAIN
ADDED from src\main\AndroidManifest.xml:53:17-69
	android:name
		ADDED from src\main\AndroidManifest.xml:53:25-66
category#android.intent.category.LAUNCHER
ADDED from src\main\AndroidManifest.xml:55:17-77
	android:name
		ADDED from src\main\AndroidManifest.xml:55:27-74
activity#com.example.feelingtogethertestone.TakePhotoActivity
ADDED from src\main\AndroidManifest.xml:58:9-61:72
	android:exported
		ADDED from src\main\AndroidManifest.xml:60:13-37
	android:theme
		ADDED from src\main\AndroidManifest.xml:61:13-69
	android:name
		ADDED from src\main\AndroidManifest.xml:59:13-46
activity#com.example.feelingtogethertestone.MainActivity
ADDED from src\main\AndroidManifest.xml:62:9-65:72
	android:exported
		ADDED from src\main\AndroidManifest.xml:64:13-36
	android:theme
		ADDED from src\main\AndroidManifest.xml:65:13-69
	android:name
		ADDED from src\main\AndroidManifest.xml:63:13-41
activity#com.example.chat.Chat
ADDED from src\main\AndroidManifest.xml:66:9-69:49
	android:exported
		ADDED from src\main\AndroidManifest.xml:68:13-36
	android:theme
		ADDED from src\main\AndroidManifest.xml:69:13-46
	android:name
		ADDED from src\main\AndroidManifest.xml:67:13-49
activity#com.example.feelingtogethertestone.WritingPostsActivity
ADDED from src\main\AndroidManifest.xml:70:9-73:72
	android:exported
		ADDED from src\main\AndroidManifest.xml:72:13-37
	android:theme
		ADDED from src\main\AndroidManifest.xml:73:13-69
	android:name
		ADDED from src\main\AndroidManifest.xml:71:13-49
activity#com.example.feelingtogethertestone.NegativeSectionActivity
ADDED from src\main\AndroidManifest.xml:74:9-77:72
	android:exported
		ADDED from src\main\AndroidManifest.xml:76:13-37
	android:theme
		ADDED from src\main\AndroidManifest.xml:77:13-69
	android:name
		ADDED from src\main\AndroidManifest.xml:75:13-52
activity#com.example.feelingtogethertestone.ActiveSectionActivity
ADDED from src\main\AndroidManifest.xml:78:9-81:72
	android:exported
		ADDED from src\main\AndroidManifest.xml:80:13-37
	android:theme
		ADDED from src\main\AndroidManifest.xml:81:13-69
	android:name
		ADDED from src\main\AndroidManifest.xml:79:13-50
activity#com.example.feelingtogethertestone.PersonalInfoActivity
ADDED from src\main\AndroidManifest.xml:82:9-85:72
	android:exported
		ADDED from src\main\AndroidManifest.xml:84:13-37
	android:theme
		ADDED from src\main\AndroidManifest.xml:85:13-69
	android:name
		ADDED from src\main\AndroidManifest.xml:83:13-49
activity#com.example.fourm.AddNotebookActivity
ADDED from src\main\AndroidManifest.xml:86:9-89:72
	android:exported
		ADDED from src\main\AndroidManifest.xml:88:13-37
	android:theme
		ADDED from src\main\AndroidManifest.xml:89:13-69
	android:name
		ADDED from src\main\AndroidManifest.xml:87:13-65
activity#com.example.feelingtogethertestone.EmotionForumActivity
ADDED from src\main\AndroidManifest.xml:90:9-93:72
	android:exported
		ADDED from src\main\AndroidManifest.xml:92:13-37
	android:theme
		ADDED from src\main\AndroidManifest.xml:93:13-69
	android:name
		ADDED from src\main\AndroidManifest.xml:91:13-49
activity#com.example.feelingtogethertestone.EmotionDiaryActivity
ADDED from src\main\AndroidManifest.xml:94:9-97:72
	android:exported
		ADDED from src\main\AndroidManifest.xml:96:13-37
	android:theme
		ADDED from src\main\AndroidManifest.xml:97:13-69
	android:name
		ADDED from src\main\AndroidManifest.xml:95:13-49
activity#com.example.fourm.Comment.AddCommentActivity
ADDED from src\main\AndroidManifest.xml:98:9-101:72
	android:exported
		ADDED from src\main\AndroidManifest.xml:100:13-37
	android:theme
		ADDED from src\main\AndroidManifest.xml:101:13-69
	android:name
		ADDED from src\main\AndroidManifest.xml:99:13-72
activity#com.example.fourm.Comment.CommentActivity
ADDED from src\main\AndroidManifest.xml:102:9-105:72
	android:exported
		ADDED from src\main\AndroidManifest.xml:104:13-37
	android:theme
		ADDED from src\main\AndroidManifest.xml:105:13-69
	android:name
		ADDED from src\main\AndroidManifest.xml:103:13-69
activity#com.example.feelingtogethertestone.HomeActivity
ADDED from src\main\AndroidManifest.xml:106:9-109:72
	android:exported
		ADDED from src\main\AndroidManifest.xml:108:13-37
	android:theme
		ADDED from src\main\AndroidManifest.xml:109:13-69
	android:name
		ADDED from src\main\AndroidManifest.xml:107:13-41
activity#com.example.feelingtogethertestone.RegisterActivity
ADDED from src\main\AndroidManifest.xml:110:9-113:72
	android:exported
		ADDED from src\main\AndroidManifest.xml:112:13-37
	android:theme
		ADDED from src\main\AndroidManifest.xml:113:13-69
	android:name
		ADDED from src\main\AndroidManifest.xml:111:13-45
activity#com.example.chat.ChatActivity
ADDED from src\main\AndroidManifest.xml:114:9-117:49
	android:exported
		ADDED from src\main\AndroidManifest.xml:116:13-37
	android:theme
		ADDED from src\main\AndroidManifest.xml:117:13-46
	android:name
		ADDED from src\main\AndroidManifest.xml:115:13-57
activity#com.example.fourm.CentralActivity
ADDED from src\main\AndroidManifest.xml:118:9-121:72
	android:exported
		ADDED from src\main\AndroidManifest.xml:120:13-37
	android:theme
		ADDED from src\main\AndroidManifest.xml:121:13-69
	android:name
		ADDED from src\main\AndroidManifest.xml:119:13-61
activity#com.example.feelingtogethertestone.Richeditortest
ADDED from src\main\AndroidManifest.xml:122:9-125:49
	android:exported
		ADDED from src\main\AndroidManifest.xml:124:13-37
	android:theme
		ADDED from src\main\AndroidManifest.xml:125:13-46
	android:name
		ADDED from src\main\AndroidManifest.xml:123:13-43
activity#com.example.calendar.CalendarActivity
ADDED from src\main\AndroidManifest.xml:126:9-129:72
	android:exported
		ADDED from src\main\AndroidManifest.xml:128:13-37
	android:theme
		ADDED from src\main\AndroidManifest.xml:129:13-69
	android:name
		ADDED from src\main\AndroidManifest.xml:127:13-65
service#com.example.feelingtogethertestone.audio.AudioService
ADDED from src\main\AndroidManifest.xml:131:9-134:39
	android:enabled
		ADDED from src\main\AndroidManifest.xml:133:13-35
	android:exported
		ADDED from src\main\AndroidManifest.xml:134:13-36
	android:name
		ADDED from src\main\AndroidManifest.xml:132:13-47
activity#com.example.feelingtogethertestone.audio.AudioUtil
ADDED from src\main\AndroidManifest.xml:136:9-140:45
	android:exported
		ADDED from src\main\AndroidManifest.xml:138:13-37
	tools:ignore
		ADDED from src\main\AndroidManifest.xml:140:13-42
	android:theme
		ADDED from src\main\AndroidManifest.xml:139:13-69
	android:name
		ADDED from src\main\AndroidManifest.xml:137:13-44
activity#com.example.feelingtogethertestone.audio.History
ADDED from src\main\AndroidManifest.xml:141:9-144:72
	android:exported
		ADDED from src\main\AndroidManifest.xml:143:13-37
	android:theme
		ADDED from src\main\AndroidManifest.xml:144:13-69
	android:name
		ADDED from src\main\AndroidManifest.xml:142:13-42
service#org.eclipse.paho.android.service.MqttService
ADDED from src\main\AndroidManifest.xml:146:9-80
	android:name
		ADDED from src\main\AndroidManifest.xml:146:18-77
provider#androidx.core.content.FileProvider
ADDED from src\main\AndroidManifest.xml:148:9-156:20
	android:grantUriPermissions
		ADDED from src\main\AndroidManifest.xml:152:13-47
	android:authorities
		ADDED from src\main\AndroidManifest.xml:150:13-82
	android:exported
		ADDED from src\main\AndroidManifest.xml:151:13-37
	android:name
		ADDED from src\main\AndroidManifest.xml:149:13-62
meta-data#android.support.FILE_PROVIDER_PATHS
ADDED from src\main\AndroidManifest.xml:153:13-155:54
	android:resource
		ADDED from src\main\AndroidManifest.xml:155:17-51
	android:name
		ADDED from src\main\AndroidManifest.xml:154:17-67
receiver#com.example.service.ReminderReceiver
ADDED from src\main\AndroidManifest.xml:157:9-163:20
	android:exported
		ADDED from src\main\AndroidManifest.xml:159:13-36
	android:name
		ADDED from src\main\AndroidManifest.xml:158:13-64
intent-filter#action:name:android.intent.action.BOOT_COMPLETED
ADDED from src\main\AndroidManifest.xml:160:13-162:29
action#android.intent.action.BOOT_COMPLETED
ADDED from src\main\AndroidManifest.xml:161:17-79
	android:name
		ADDED from src\main\AndroidManifest.xml:161:25-76
service#com.example.service.ReminderService
ADDED from src\main\AndroidManifest.xml:165:9-168:40
	android:enabled
		ADDED from src\main\AndroidManifest.xml:167:13-35
	android:exported
		ADDED from src\main\AndroidManifest.xml:168:13-37
	android:name
		ADDED from src\main\AndroidManifest.xml:166:13-63
meta-data#preloaded_fonts
ADDED from src\main\AndroidManifest.xml:170:9-172:57
	android:resource
		ADDED from src\main\AndroidManifest.xml:172:13-54
	android:name
		ADDED from src\main\AndroidManifest.xml:171:13-43
meta-data#DATABASE
ADDED from src\main\AndroidManifest.xml:173:9-175:39
	android:value
		ADDED from src\main\AndroidManifest.xml:175:13-36
	android:name
		ADDED from src\main\AndroidManifest.xml:174:13-36
meta-data#VERSION
ADDED from src\main\AndroidManifest.xml:176:9-178:33
	android:value
		ADDED from src\main\AndroidManifest.xml:178:13-30
	android:name
		ADDED from src\main\AndroidManifest.xml:177:13-35
meta-data#QUERY_LOG
ADDED from src\main\AndroidManifest.xml:179:9-181:37
	android:value
		ADDED from src\main\AndroidManifest.xml:181:13-34
	android:name
		ADDED from src\main\AndroidManifest.xml:180:13-37
meta-data#DOMAIN_PACKAGE_NAME
ADDED from src\main\AndroidManifest.xml:182:9-184:43
	android:value
		ADDED from src\main\AndroidManifest.xml:184:13-40
	android:name
		ADDED from src\main\AndroidManifest.xml:183:13-47
uses-sdk
INJECTED from src\main\AndroidManifest.xml reason: use-sdk injection requested
INJECTED from src\main\AndroidManifest.xml
INJECTED from src\main\AndroidManifest.xml
MERGED from [:richeditor] AndroidManifest.xml:5:5-44
MERGED from [:richeditor] AndroidManifest.xml:5:5-44
MERGED from [androidx.databinding:viewbinding:8.0.1] AndroidManifest.xml:5:5-44
MERGED from [androidx.databinding:viewbinding:8.0.1] AndroidManifest.xml:5:5-44
MERGED from [com.google.android.material:material:1.8.0] AndroidManifest.xml:20:5-22:41
MERGED from [com.google.android.material:material:1.8.0] AndroidManifest.xml:20:5-22:41
MERGED from [androidx.constraintlayout:constraintlayout:2.1.4] AndroidManifest.xml:5:5-7:41
MERGED from [androidx.constraintlayout:constraintlayout:2.1.4] AndroidManifest.xml:5:5-7:41
MERGED from [com.github.xuexiangjys:XUI:1.2.1] AndroidManifest.xml:5:5-7:41
MERGED from [com.github.xuexiangjys:XUI:1.2.1] AndroidManifest.xml:5:5-7:41
MERGED from [com.hanks:lineheightedittext-library:1.0] AndroidManifest.xml:8:5-10:41
MERGED from [com.hanks:lineheightedittext-library:1.0] AndroidManifest.xml:8:5-10:41
MERGED from [androidx.appcompat:appcompat-resources:1.6.1] AndroidManifest.xml:20:5-44
MERGED from [androidx.appcompat:appcompat-resources:1.6.1] AndroidManifest.xml:20:5-44
MERGED from [androidx.appcompat:appcompat:1.6.1] AndroidManifest.xml:20:5-44
MERGED from [androidx.appcompat:appcompat:1.6.1] AndroidManifest.xml:20:5-44
MERGED from [androidx.legacy:legacy-support-v4:1.0.0] AndroidManifest.xml:20:5-44
MERGED from [androidx.legacy:legacy-support-v4:1.0.0] AndroidManifest.xml:20:5-44
MERGED from [androidx.dynamicanimation:dynamicanimation:1.0.0] AndroidManifest.xml:20:5-44
MERGED from [androidx.dynamicanimation:dynamicanimation:1.0.0] AndroidManifest.xml:20:5-44
MERGED from [androidx.legacy:legacy-support-core-ui:1.0.0] AndroidManifest.xml:20:5-44
MERGED from [androidx.legacy:legacy-support-core-ui:1.0.0] AndroidManifest.xml:20:5-44
MERGED from [androidx.legacy:legacy-support-core-utils:1.0.0] AndroidManifest.xml:20:5-44
MERGED from [androidx.legacy:legacy-support-core-utils:1.0.0] AndroidManifest.xml:20:5-44
MERGED from [androidx.localbroadcastmanager:localbroadcastmanager:1.1.0] AndroidManifest.xml:20:5-22:41
MERGED from [androidx.localbroadcastmanager:localbroadcastmanager:1.1.0] AndroidManifest.xml:20:5-22:41
MERGED from [androidx.viewpager2:viewpager2:1.0.0] AndroidManifest.xml:20:5-22:41
MERGED from [androidx.viewpager2:viewpager2:1.0.0] AndroidManifest.xml:20:5-22:41
MERGED from [androidx.recyclerview:recyclerview:1.2.1] AndroidManifest.xml:20:5-22:41
MERGED from [androidx.recyclerview:recyclerview:1.2.1] AndroidManifest.xml:20:5-22:41
MERGED from [com.github.bumptech.glide:glide:4.12.0] AndroidManifest.xml:6:5-8:41
MERGED from [com.github.bumptech.glide:glide:4.12.0] AndroidManifest.xml:6:5-8:41
MERGED from [androidx.fragment:fragment:1.3.6] AndroidManifest.xml:20:5-22:41
MERGED from [androidx.fragment:fragment:1.3.6] AndroidManifest.xml:20:5-22:41
MERGED from [androidx.activity:activity:1.6.0] AndroidManifest.xml:20:5-44
MERGED from [androidx.activity:activity:1.6.0] AndroidManifest.xml:20:5-44
MERGED from [androidx.emoji2:emoji2-views-helper:1.2.0] AndroidManifest.xml:5:5-44
MERGED from [androidx.emoji2:emoji2-views-helper:1.2.0] AndroidManifest.xml:5:5-44
MERGED from [androidx.emoji2:emoji2:1.2.0] AndroidManifest.xml:21:5-44
MERGED from [androidx.emoji2:emoji2:1.2.0] AndroidManifest.xml:21:5-44
MERGED from [androidx.drawerlayout:drawerlayout:1.1.1] AndroidManifest.xml:20:5-22:41
MERGED from [androidx.drawerlayout:drawerlayout:1.1.1] AndroidManifest.xml:20:5-22:41
MERGED from [androidx.coordinatorlayout:coordinatorlayout:1.1.0] AndroidManifest.xml:20:5-22:41
MERGED from [androidx.coordinatorlayout:coordinatorlayout:1.1.0] AndroidManifest.xml:20:5-22:41
MERGED from [androidx.transition:transition:1.2.0] AndroidManifest.xml:20:5-22:41
MERGED from [androidx.transition:transition:1.2.0] AndroidManifest.xml:20:5-22:41
MERGED from [androidx.vectordrawable:vectordrawable-animated:1.1.0] AndroidManifest.xml:20:5-22:41
MERGED from [androidx.vectordrawable:vectordrawable-animated:1.1.0] AndroidManifest.xml:20:5-22:41
MERGED from [androidx.vectordrawable:vectordrawable:1.1.0] AndroidManifest.xml:20:5-22:41
MERGED from [androidx.vectordrawable:vectordrawable:1.1.0] AndroidManifest.xml:20:5-22:41
MERGED from [androidx.media:media:1.0.0] AndroidManifest.xml:20:5-44
MERGED from [androidx.media:media:1.0.0] AndroidManifest.xml:20:5-44
MERGED from [androidx.loader:loader:1.0.0] AndroidManifest.xml:20:5-44
MERGED from [androidx.loader:loader:1.0.0] AndroidManifest.xml:20:5-44
MERGED from [androidx.lifecycle:lifecycle-viewmodel:2.5.1] AndroidManifest.xml:20:5-22:41
MERGED from [androidx.lifecycle:lifecycle-viewmodel:2.5.1] AndroidManifest.xml:20:5-22:41
MERGED from [androidx.lifecycle:lifecycle-viewmodel-savedstate:2.5.1] AndroidManifest.xml:20:5-22:41
MERGED from [androidx.lifecycle:lifecycle-viewmodel-savedstate:2.5.1] AndroidManifest.xml:20:5-22:41
MERGED from [androidx.core:core-ktx:1.9.0] AndroidManifest.xml:5:5-44
MERGED from [androidx.core:core-ktx:1.9.0] AndroidManifest.xml:5:5-44
MERGED from [androidx.viewpager:viewpager:1.0.0] AndroidManifest.xml:20:5-44
MERGED from [androidx.viewpager:viewpager:1.0.0] AndroidManifest.xml:20:5-44
MERGED from [androidx.slidingpanelayout:slidingpanelayout:1.0.0] AndroidManifest.xml:20:5-44
MERGED from [androidx.slidingpanelayout:slidingpanelayout:1.0.0] AndroidManifest.xml:20:5-44
MERGED from [androidx.customview:customview:1.1.0] AndroidManifest.xml:20:5-22:41
MERGED from [androidx.customview:customview:1.1.0] AndroidManifest.xml:20:5-22:41
MERGED from [androidx.swiperefreshlayout:swiperefreshlayout:1.0.0] AndroidManifest.xml:20:5-44
MERGED from [androidx.swiperefreshlayout:swiperefreshlayout:1.0.0] AndroidManifest.xml:20:5-44
MERGED from [androidx.asynclayoutinflater:asynclayoutinflater:1.0.0] AndroidManifest.xml:20:5-44
MERGED from [androidx.asynclayoutinflater:asynclayoutinflater:1.0.0] AndroidManifest.xml:20:5-44
MERGED from [androidx.core:core:1.9.0] AndroidManifest.xml:20:5-44
MERGED from [androidx.core:core:1.9.0] AndroidManifest.xml:20:5-44
MERGED from [androidx.cursoradapter:cursoradapter:1.0.0] AndroidManifest.xml:20:5-44
MERGED from [androidx.cursoradapter:cursoradapter:1.0.0] AndroidManifest.xml:20:5-44
MERGED from [androidx.lifecycle:lifecycle-process:2.4.1] AndroidManifest.xml:21:5-23:41
MERGED from [androidx.lifecycle:lifecycle-process:2.4.1] AndroidManifest.xml:21:5-23:41
MERGED from [androidx.lifecycle:lifecycle-runtime:2.5.1] AndroidManifest.xml:20:5-22:41
MERGED from [androidx.lifecycle:lifecycle-runtime:2.5.1] AndroidManifest.xml:20:5-22:41
MERGED from [androidx.savedstate:savedstate:1.2.0] AndroidManifest.xml:20:5-22:41
MERGED from [androidx.savedstate:savedstate:1.2.0] AndroidManifest.xml:20:5-22:41
MERGED from [androidx.cardview:cardview:1.0.0] AndroidManifest.xml:20:5-44
MERGED from [androidx.cardview:cardview:1.0.0] AndroidManifest.xml:20:5-44
MERGED from [com.github.bumptech.glide:gifdecoder:4.12.0] AndroidManifest.xml:5:5-7:41
MERGED from [com.github.bumptech.glide:gifdecoder:4.12.0] AndroidManifest.xml:5:5-7:41
MERGED from [androidx.exifinterface:exifinterface:1.2.0] AndroidManifest.xml:20:5-22:41
MERGED from [androidx.exifinterface:exifinterface:1.2.0] AndroidManifest.xml:20:5-22:41
MERGED from [androidx.startup:startup-runtime:1.1.1] AndroidManifest.xml:21:5-23:41
MERGED from [androidx.startup:startup-runtime:1.1.1] AndroidManifest.xml:21:5-23:41
MERGED from [androidx.tracing:tracing:1.0.0] AndroidManifest.xml:20:5-22:41
MERGED from [androidx.tracing:tracing:1.0.0] AndroidManifest.xml:20:5-22:41
MERGED from [androidx.versionedparcelable:versionedparcelable:1.1.1] AndroidManifest.xml:20:5-22:41
MERGED from [androidx.versionedparcelable:versionedparcelable:1.1.1] AndroidManifest.xml:20:5-22:41
MERGED from [androidx.lifecycle:lifecycle-livedata:2.0.0] AndroidManifest.xml:20:5-44
MERGED from [androidx.lifecycle:lifecycle-livedata:2.0.0] AndroidManifest.xml:20:5-44
MERGED from [androidx.lifecycle:lifecycle-livedata-core:2.5.1] AndroidManifest.xml:20:5-22:41
MERGED from [androidx.lifecycle:lifecycle-livedata-core:2.5.1] AndroidManifest.xml:20:5-22:41